2016-05-27 16:14:03 图片存放路径[/Users/hyy/FastWork/send_sms/auto/xplan/20160527_161403] create success
2016-05-27 16:14:03 默认userAgent: Mozilla/5.0 (Macintosh; Intel Mac OS X) AppleWebKit/538.1 (KHTML, like Gecko) PhantomJS/2.1.1 Safari/538.1
2016-05-27 16:14:03 系统参数 : sms.js,224981,haz_hddc3,Hengda@888,auto/xplan
2016-05-27 16:14:03 打开主页
2016-05-27 16:14:04 [onUrlChanged] http://ums.zj165.com/index.jsp
2016-05-27 16:14:06 ==== 生成 picture_send1.png
2016-05-27 16:14:07 填写登录信息
2016-05-27 16:14:07 [onConsoleMessage] 获取网页标题 : 企业信息服务平台
2016-05-27 16:14:08 ==== 生成 picture_send2.png
2016-05-27 16:14:09 触发登录事件
2016-05-27 16:14:10 [onUrlChanged] http://ums.zj165.com/main/index.do
2016-05-27 16:14:10 ==== 生成 picture_send3.png
2016-05-27 16:14:11 点击[短信标签页]
2016-05-27 16:14:14 ==== 生成 picture_send4.png
2016-05-27 16:14:15 填写[短信内容]
2016-05-27 16:14:15 短信内容:aaaaa感谢您对恒大厚爱！1000元现金券已加入账户，点击 t.cn/RqCXT8g 凭手机号和初始密码{密码}登录体验！退订回TD
2016-05-27 16:14:15 短信长度:73个字符
2016-05-27 16:14:16 ==== 生成 picture_send5.png
2016-05-27 16:14:17 点击[使用个性化短信]
2016-05-27 16:14:19 ==== 生成 picture_send6.png
2016-05-27 16:14:20 点击[选择文件] 文件路径:var.txt
2016-05-27 16:14:30 ==== 生成 picture_send7.png
2016-05-27 16:14:31 点击[完成 | 忽略并完成]
2016-05-27 16:14:34 ==== 生成 picture_send8.png
2016-05-27 16:14:35 点击[发送]
2016-05-27 16:14:38 ==== 生成 picture_send9.png
2016-05-27 16:14:39 点击[确定发送]
2016-05-27 16:14:40 [onUrlChanged] http://ums.zj165.com/spService/send!success.do?msgType=1&nmId=203565313616&taskId=203560811285&needAudit=1&sendPersons=1&leftMenuId=110201
2016-05-27 16:14:42 ==== 生成 picture_send10.png
2016-05-27 16:14:43 退出程序.
2016-05-27 16:14:43 共生成10张图片
2016-05-27 16:14:43 总耗时40000毫秒
2016-05-27 16:14:43 [onUrlChanged] about:blank
