2016-05-27 16:12:34 图片存放路径[/Users/hyy/FastWork/send_sms/auto/xplan/20160527_161234] create success
2016-05-27 16:12:34 默认userAgent: Mozilla/5.0 (Macintosh; Intel Mac OS X) AppleWebKit/538.1 (KHTML, like Gecko) PhantomJS/2.1.1 Safari/538.1
2016-05-27 16:12:34 系统参数 : sms.js,224981,haz_hddc3,Hengda@888,auto/xplan
2016-05-27 16:12:34 打开主页
2016-05-27 16:12:34 [onUrlChanged] http://ums.zj165.com/index.jsp
2016-05-27 16:12:38 ==== 生成 picture_send1.png
2016-05-27 16:12:38 填写登录信息
2016-05-27 16:12:38 [onConsoleMessage] 获取网页标题 : 企业信息服务平台
2016-05-27 16:12:40 ==== 生成 picture_send2.png
2016-05-27 16:12:40 触发登录事件
2016-05-27 16:12:41 [onUrlChanged] http://ums.zj165.com/main/index.do
2016-05-27 16:12:42 ==== 生成 picture_send3.png
2016-05-27 16:12:42 点击[短信标签页]
2016-05-27 16:12:46 ==== 生成 picture_send4.png
2016-05-27 16:12:46 填写[短信内容]
2016-05-27 16:12:46 短信内容:aaaaa感谢您对恒大厚爱！1000元现金券已加入账户，点击 t.cn/RqCXT8g 凭手机号和初始密码{密码}登录体验！退订回TD
2016-05-27 16:12:46 短信长度:73个字符
2016-05-27 16:12:48 ==== 生成 picture_send5.png
2016-05-27 16:12:48 点击[使用个性化短信]
2016-05-27 16:12:51 ==== 生成 picture_send6.png
2016-05-27 16:12:51 点击[选择文件] 文件路径:var.txt
2016-05-27 16:13:02 ==== 生成 picture_send7.png
2016-05-27 16:13:02 点击[完成 | 忽略并完成]
2016-05-27 16:13:06 ==== 生成 picture_send8.png
2016-05-27 16:13:06 点击[发送]
2016-05-27 16:13:10 ==== 生成 picture_send9.png
2016-05-27 16:13:10 退出程序.
2016-05-27 16:13:10 共生成9张图片
2016-05-27 16:13:10 总耗时40000毫秒
2016-05-27 16:13:10 [onUrlChanged] about:blank
