2016-06-02 17:56:07 图片存放路径[/Users/hyy/FastWork/send_sms/auto/bigfile/20160602_175607] create success
2016-06-02 17:56:07 默认userAgent: Mozilla/5.0 (Macintosh; Intel Mac OS X) AppleWebKit/538.1 (KHTML, like Gecko) PhantomJS/2.1.1 Safari/538.1
2016-06-02 17:56:07 系统参数 : sms.js,224981,haz_hddc3,Hengda@888,auto/bigfile/
2016-06-02 17:56:07 打开主页
2016-06-02 17:56:07 [onUrlChanged] http://ums.zj165.com/index.jsp
2016-06-02 17:56:10 ==== 生成 picture_send1.png
2016-06-02 17:56:11 填写登录信息
2016-06-02 17:56:11 [onConsoleMessage] 获取网页标题 : 企业信息服务平台
2016-06-02 17:56:12 ==== 生成 picture_send2.png
2016-06-02 17:56:13 触发登录事件
2016-06-02 17:56:14 [onUrlChanged] http://ums.zj165.com/main/index.do
2016-06-02 17:56:14 ==== 生成 picture_send3.png
2016-06-02 17:56:15 点击[短信标签页]
2016-06-02 17:56:18 ==== 生成 picture_send4.png
2016-06-02 17:56:19 填写[短信内容]
2016-06-02 17:56:19 短信内容:感谢您对恒大厚爱！1000元现金券已加入账户，点击 t.cn/RqCXT8g 凭手机号和初始密码{密码}登录体验！退订回TD
2016-06-02 17:56:19 短信长度:68个字符
2016-06-02 17:56:20 ==== 生成 picture_send5.png
2016-06-02 17:56:21 点击[使用个性化短信]
2016-06-02 17:56:23 ==== 生成 picture_send6.png
2016-06-02 17:56:24 点击[选择文件] 文件路径:list.txt
2016-06-02 17:56:24 ==== 生成 picture_send7.png
2016-06-02 17:56:25 点击[完成 | 忽略并完成]
2016-06-02 17:56:28 ==== 生成 picture_send8.png
2016-06-02 17:56:29 点击[发送]
2016-06-02 17:56:32 ==== 生成 picture_send9.png
2016-06-02 17:56:33 ==== 生成 picture_send10.png
2016-06-02 17:56:34 退出程序.
2016-06-02 17:56:34 共生成10张图片
2016-06-02 17:56:34 总耗时27300毫秒
2016-06-02 17:56:34 [onUrlChanged] about:blank
